<?xml version="1.0" encoding="UTF-8"?>
<testsuite xmlns:xsi="http://www.w3.org/2001/XMLSchema-instance" xsi:noNamespaceSchemaLocation="https://maven.apache.org/surefire/maven-surefire-plugin/xsd/surefire-test-report.xsd" name="abdn.scnu.cs.GameTests" time="0.062" tests="11" errors="0" skipped="0" failures="0">
  <properties>
    <property name="sun.desktop" value="windows"/>
    <property name="awt.toolkit" value="sun.awt.windows.WToolkit"/>
    <property name="java.specification.version" value="11"/>
    <property name="sun.cpu.isalist" value="amd64"/>
    <property name="sun.jnu.encoding" value="GBK"/>
    <property name="java.class.path" value="C:\Users\1zero\Desktop\Study\Java\assignment\CS_CodeTemplate\assignment\target\test-classes;C:\Users\1zero\Desktop\Study\Java\assignment\CS_CodeTemplate\assignment\target\classes;C:\Users\1zero\.m2\repository\junit\junit\4.11\junit-4.11.jar;C:\Users\1zero\.m2\repository\org\hamcrest\hamcrest-core\1.3\hamcrest-core-1.3.jar;"/>
    <property name="java.vm.vendor" value="Oracle Corporation"/>
    <property name="sun.arch.data.model" value="64"/>
    <property name="user.variant" value=""/>
    <property name="java.vendor.url" value="https://openjdk.java.net/"/>
    <property name="user.timezone" value="Asia/Shanghai"/>
    <property name="java.vm.specification.version" value="11"/>
    <property name="os.name" value="Windows 11"/>
    <property name="sun.java.launcher" value="SUN_STANDARD"/>
    <property name="user.country" value="CN"/>
    <property name="sun.boot.library.path" value="C:\Program Files\Java\jdk-11.0.16.1\bin"/>
    <property name="sun.java.command" value="C:\Users\1zero\AppData\Local\Temp\surefire13954132973447989290\surefirebooter8441351573278690188.jar C:\Users\1zero\AppData\Local\Temp\surefire13954132973447989290 2022-11-07T22-56-28_688-jvmRun1 surefire14075116110936576452tmp surefire_015012832657087572881tmp"/>
    <property name="jdk.debug" value="release"/>
    <property name="surefire.test.class.path" value="C:\Users\1zero\Desktop\Study\Java\assignment\CS_CodeTemplate\assignment\target\test-classes;C:\Users\1zero\Desktop\Study\Java\assignment\CS_CodeTemplate\assignment\target\classes;C:\Users\1zero\.m2\repository\junit\junit\4.11\junit-4.11.jar;C:\Users\1zero\.m2\repository\org\hamcrest\hamcrest-core\1.3\hamcrest-core-1.3.jar;"/>
    <property name="sun.cpu.endian" value="little"/>
    <property name="user.home" value="C:\Users\1zero"/>
    <property name="user.language" value="zh"/>
    <property name="java.specification.vendor" value="Oracle Corporation"/>
    <property name="java.version.date" value="2022-08-18"/>
    <property name="java.home" value="C:\Program Files\Java\jdk-11.0.16.1"/>
    <property name="file.separator" value="\"/>
    <property name="basedir" value="C:\Users\1zero\Desktop\Study\Java\assignment\CS_CodeTemplate\assignment"/>
    <property name="java.vm.compressedOopsMode" value="Zero based"/>
    <property name="line.separator" value="&#10;"/>
    <property name="java.specification.name" value="Java Platform API Specification"/>
    <property name="java.vm.specification.vendor" value="Oracle Corporation"/>
    <property name="java.awt.graphicsenv" value="sun.awt.Win32GraphicsEnvironment"/>
    <property name="surefire.real.class.path" value="C:\Users\1zero\AppData\Local\Temp\surefire13954132973447989290\surefirebooter8441351573278690188.jar"/>
    <property name="user.script" value=""/>
    <property name="sun.management.compiler" value="HotSpot 64-Bit Tiered Compilers"/>
    <property name="java.runtime.version" value="11.0.16.1+1-LTS-1"/>
    <property name="user.name" value="1zero"/>
    <property name="path.separator" value=";"/>
    <property name="os.version" value="10.0"/>
    <property name="java.runtime.name" value="Java(TM) SE Runtime Environment"/>
    <property name="file.encoding" value="GBK"/>
    <property name="java.vm.name" value="Java HotSpot(TM) 64-Bit Server VM"/>
    <property name="java.vendor.version" value="18.9"/>
    <property name="localRepository" value="C:\Users\1zero\.m2\repository"/>
    <property name="java.vendor.url.bug" value="https://bugreport.java.com/bugreport/"/>
    <property name="java.io.tmpdir" value="C:\Users\1zero\AppData\Local\Temp\"/>
    <property name="java.version" value="11.0.16.1"/>
    <property name="user.dir" value="C:\Users\1zero\Desktop\Study\Java\assignment\CS_CodeTemplate\assignment"/>
    <property name="os.arch" value="amd64"/>
    <property name="java.vm.specification.name" value="Java Virtual Machine Specification"/>
    <property name="java.awt.printerjob" value="sun.awt.windows.WPrinterJob"/>
    <property name="sun.os.patch.level" value=""/>
    <property name="java.library.path" value="C:\Program Files\Java\jdk-11.0.16.1\bin;C:\Windows\Sun\Java\bin;C:\Windows\system32;C:\Windows;C:\Program Files\Common Files\Oracle\Java\javapath;C:\ProgramData\Anaconda3;C:\ProgramData\Anaconda3\Library\mingw-w64\bin;C:\ProgramData\Anaconda3\Library\usr\bin;C:\ProgramData\Anaconda3\Library\bin;C:\ProgramData\Anaconda3\Scripts;C:\Windows\system32;C:\Windows;C:\Windows\System32\Wbem;C:\Windows\System32\WindowsPowerShell\v1.0\;C:\Windows\System32\OpenSSH\;C:\Program Files (x86)\Calibre2\;C:\Program Files (x86)\Tencent\微信web开发者工具\dll;C:\Use;s\1zero\AppData\Local\Programs\Python\Python310\Scripts\;C:\Users\1zero\AppData\Local\Programs\Python\Python310\;D:\nodejs\;D:\MATLAB\bin;C:\Program Files (x86)\Maven\apache-maven-3.8.6\bin;D:\Git\cmd;C:\Users\1zero\AppData\Local\Programs\Python\Python310\Scripts\;C:\Users\1zero\AppData\Local\Microsoft\WindowsApps;D:\nodejs\node_global;C:\Users\1zero\AppData\Local\Programs\Microsoft VS Code\bin;C:\Program Files\mingw64\bin;C:\Users\1zero\AppData\Roaming\npm;C:\Users\1zero\AppData\Local\Pandoc\;C:\Program Files\Java\jdk-11.0.16.1\\bin;C:\Program Files\Java\jdk-11.0.16.1\\jre\bin;C:\Program Files\JetBrains\PyCharm 2022.2.2\bin;."/>
    <property name="java.vendor" value="Oracle Corporation"/>
    <property name="java.vm.info" value="mixed mode"/>
    <property name="java.vm.version" value="11.0.16.1+1-LTS-1"/>
    <property name="sun.io.unicode.encoding" value="UnicodeLittle"/>
    <property name="java.class.version" value="55.0"/>
  </properties>
  <testcase name="t1_1_a" classname="abdn.scnu.cs.GameTests" time="0.003"/>
  <testcase name="t1_1_b" classname="abdn.scnu.cs.GameTests" time="0"/>
  <testcase name="t1_2" classname="abdn.scnu.cs.GameTests" time="0"/>
  <testcase name="t1_3" classname="abdn.scnu.cs.GameTests" time="0"/>
  <testcase name="t2_1" classname="abdn.scnu.cs.GameTests" time="0"/>
  <testcase name="t2_2" classname="abdn.scnu.cs.GameTests" time="0"/>
  <testcase name="t2_3" classname="abdn.scnu.cs.GameTests" time="0.029"/>
  <testcase name="t2_4" classname="abdn.scnu.cs.GameTests" time="0.001"/>
  <testcase name="t3_1" classname="abdn.scnu.cs.GameTests" time="0.001"/>
  <testcase name="t3_3" classname="abdn.scnu.cs.GameTests" time="0"/>
  <testcase name="t3_4" classname="abdn.scnu.cs.GameTests" time="0.001"/>
</testsuite>